2025-08-14 16:07:32.2470 [background-preinit] INFO  o.h.validator.internal.util.Version - HV000001: Hibernate Validator 8.0.2.Final
2025-08-14 16:07:33.3240 [restartedMain] INFO  o.a.coyote.http11.Http11NioProtocol - Initializing ProtocolHandler ["http-nio-8080"]
2025-08-14 16:07:33.3260 [restartedMain] INFO  o.a.catalina.core.StandardService - Starting service [Tomcat]
2025-08-14 16:07:33.3260 [restartedMain] INFO  o.a.catalina.core.StandardEngine - Starting Servlet engine: [Apache Tomcat/10.1.43]
2025-08-14 16:07:33.3600 [restartedMain] INFO  o.a.c.c.C.[Tomcat].[localhost].[/] - Initializing Spring embedded WebApplicationContext
2025-08-14 16:07:33.9470 [restartedMain] INFO  o.a.coyote.http11.Http11NioProtocol - Starting ProtocolHandler ["http-nio-8080"]
2025-08-14 16:07:33.9860 [scheduling-1] INFO  com.ocoelho.job.LogJob - LogJob iniciado em 2025-08-14T19:07:33.986Z
2025-08-14 16:07:33.9860 [scheduling-1] DEBUG com.ocoelho.job.LogJob - Processando passo 1 ...
2025-08-14 16:07:34.0810 [http-nio-8080-exec-1] INFO  o.a.c.c.C.[Tomcat].[localhost].[/] - Initializing Spring DispatcherServlet 'dispatcherServlet'
2025-08-14 16:07:34.1090 [http-nio-8080-exec-1] INFO  c.ocoelho.controller.LogController - Iniciando stream de logs para o arquivo: application.log (level: null)
2025-08-14 16:07:34.1160 [pool-2-thread-1] DEBUG c.ocoelho.controller.LogController - Lendo novas linhas do arquivo E:\developer\eclipse-workspace\teste-spring-boot\logs\application.log (posição 0 a 1298)
2025-08-14 16:07:34.9960 [scheduling-1] DEBUG com.ocoelho.job.LogJob - Processando passo 2 ...
2025-08-14 16:07:36.0020 [scheduling-1] DEBUG com.ocoelho.job.LogJob - Processando passo 3 ...
2025-08-14 16:07:37.0090 [scheduling-1] DEBUG com.ocoelho.job.LogJob - Processando passo 4 ...
2025-08-14 16:07:38.0200 [scheduling-1] INFO  com.ocoelho.job.LogJob - LogJob finalizado com sucesso em 4034 ms
2025-08-14 16:07:38.9840 [scheduling-1] INFO  com.ocoelho.job.LogJob - LogJob iniciado em 2025-08-14T19:07:38.984Z
2025-08-14 16:07:38.9840 [scheduling-1] DEBUG com.ocoelho.job.LogJob - Processando passo 1 ...
2025-08-14 16:07:39.9920 [scheduling-1] DEBUG com.ocoelho.job.LogJob - Processando passo 2 ...
2025-08-14 16:07:41.0010 [scheduling-1] DEBUG com.ocoelho.job.LogJob - Processando passo 3 ...
2025-08-14 16:07:42.0110 [scheduling-1] DEBUG com.ocoelho.job.LogJob - Processando passo 4 ...
2025-08-14 16:07:43.0230 [scheduling-1] INFO  com.ocoelho.job.LogJob - LogJob finalizado com sucesso em 4039 ms
2025-08-14 16:07:43.9880 [scheduling-1] INFO  com.ocoelho.job.LogJob - LogJob iniciado em 2025-08-14T19:07:43.987Z
2025-08-14 16:07:43.9890 [scheduling-1] DEBUG com.ocoelho.job.LogJob - Processando passo 1 ...
2025-08-14 16:07:44.9990 [scheduling-1] DEBUG com.ocoelho.job.LogJob - Processando passo 2 ...
2025-08-14 16:07:46.0120 [scheduling-1] DEBUG com.ocoelho.job.LogJob - Processando passo 3 ...
2025-08-14 16:07:47.0230 [scheduling-1] DEBUG com.ocoelho.job.LogJob - Processando passo 4 ...
2025-08-14 16:07:48.0380 [scheduling-1] INFO  com.ocoelho.job.LogJob - LogJob finalizado com sucesso em 4051 ms
2025-08-14 16:07:48.9860 [scheduling-1] INFO  com.ocoelho.job.LogJob - LogJob iniciado em 2025-08-14T19:07:48.986Z
2025-08-14 16:07:48.9870 [scheduling-1] DEBUG com.ocoelho.job.LogJob - Processando passo 1 ...
2025-08-14 16:07:49.9960 [scheduling-1] WARN  com.ocoelho.job.LogJob - Condicao intermitente detectada no passo 1
2025-08-14 16:07:49.9960 [scheduling-1] DEBUG com.ocoelho.job.LogJob - Processando passo 2 ...
2025-08-14 16:07:51.0050 [scheduling-1] DEBUG com.ocoelho.job.LogJob - Processando passo 3 ...
2025-08-14 16:07:52.0170 [scheduling-1] DEBUG com.ocoelho.job.LogJob - Processando passo 4 ...
2025-08-14 16:07:52.3540 [pool-2-thread-1] DEBUG c.ocoelho.controller.LogController - Lendo novas linhas do arquivo E:\developer\eclipse-workspace\teste-spring-boot\logs\application.log (posição 1506 a 3748)
2025-08-14 16:07:53.0200 [scheduling-1] INFO  com.ocoelho.job.LogJob - LogJob finalizado com sucesso em 4033 ms
2025-08-14 16:07:53.9850 [scheduling-1] INFO  com.ocoelho.job.LogJob - LogJob iniciado em 2025-08-14T19:07:53.985Z
2025-08-14 16:07:53.9860 [scheduling-1] DEBUG com.ocoelho.job.LogJob - Processando passo 1 ...
2025-08-14 16:07:54.9970 [scheduling-1] DEBUG com.ocoelho.job.LogJob - Processando passo 2 ...
2025-08-14 16:07:56.0090 [scheduling-1] WARN  com.ocoelho.job.LogJob - Condicao intermitente detectada no passo 2
2025-08-14 16:07:56.0100 [scheduling-1] DEBUG com.ocoelho.job.LogJob - Processando passo 3 ...
2025-08-14 16:07:57.0100 [scheduling-1] DEBUG com.ocoelho.job.LogJob - Processando passo 4 ...
2025-08-14 16:07:58.0200 [scheduling-1] INFO  com.ocoelho.job.LogJob - LogJob finalizado com sucesso em 4035 ms
2025-08-14 16:07:58.9900 [scheduling-1] INFO  com.ocoelho.job.LogJob - LogJob iniciado em 2025-08-14T19:07:58.990Z
2025-08-14 16:07:58.9900 [scheduling-1] DEBUG com.ocoelho.job.LogJob - Processando passo 1 ...
2025-08-14 16:08:00.0000 [scheduling-1] DEBUG com.ocoelho.job.LogJob - Processando passo 2 ...
2025-08-14 16:08:01.0080 [scheduling-1] DEBUG com.ocoelho.job.LogJob - Processando passo 3 ...
2025-08-14 16:08:02.0210 [scheduling-1] DEBUG com.ocoelho.job.LogJob - Processando passo 4 ...
2025-08-14 16:08:03.0240 [scheduling-1] INFO  com.ocoelho.job.LogJob - LogJob finalizado com sucesso em 4033 ms
2025-08-14 16:08:03.9830 [scheduling-1] INFO  com.ocoelho.job.LogJob - LogJob iniciado em 2025-08-14T19:08:03.983Z
2025-08-14 16:08:03.9830 [scheduling-1] DEBUG com.ocoelho.job.LogJob - Processando passo 1 ...
2025-08-14 16:08:04.9970 [scheduling-1] DEBUG com.ocoelho.job.LogJob - Processando passo 2 ...
2025-08-14 16:08:06.0090 [scheduling-1] DEBUG com.ocoelho.job.LogJob - Processando passo 3 ...
2025-08-14 16:08:07.0240 [scheduling-1] DEBUG com.ocoelho.job.LogJob - Processando passo 4 ...
2025-08-14 16:08:08.0320 [scheduling-1] INFO  com.ocoelho.job.LogJob - LogJob finalizado com sucesso em 4049 ms
2025-08-14 16:08:08.9770 [scheduling-1] INFO  com.ocoelho.job.LogJob - LogJob iniciado em 2025-08-14T19:08:08.977Z
2025-08-14 16:08:08.9770 [scheduling-1] DEBUG com.ocoelho.job.LogJob - Processando passo 1 ...
2025-08-14 16:08:09.9810 [scheduling-1] DEBUG com.ocoelho.job.LogJob - Processando passo 2 ...
2025-08-14 16:08:10.9820 [scheduling-1] DEBUG com.ocoelho.job.LogJob - Processando passo 3 ...
2025-08-14 16:08:11.9920 [scheduling-1] DEBUG com.ocoelho.job.LogJob - Processando passo 4 ...
2025-08-14 16:08:13.0010 [scheduling-1] INFO  com.ocoelho.job.LogJob - LogJob finalizado com sucesso em 4024 ms
2025-08-14 16:08:13.9880 [scheduling-1] INFO  com.ocoelho.job.LogJob - LogJob iniciado em 2025-08-14T19:08:13.988Z
2025-08-14 16:08:13.9890 [scheduling-1] DEBUG com.ocoelho.job.LogJob - Processando passo 1 ...
2025-08-14 16:08:15.0000 [scheduling-1] DEBUG com.ocoelho.job.LogJob - Processando passo 2 ...
2025-08-14 16:08:16.0030 [scheduling-1] DEBUG com.ocoelho.job.LogJob - Processando passo 3 ...
2025-08-14 16:08:17.0140 [scheduling-1] DEBUG com.ocoelho.job.LogJob - Processando passo 4 ...
2025-08-14 16:08:18.0270 [scheduling-1] INFO  com.ocoelho.job.LogJob - LogJob finalizado com sucesso em 4038 ms
2025-08-14 16:08:18.9900 [scheduling-1] INFO  com.ocoelho.job.LogJob - LogJob iniciado em 2025-08-14T19:08:18.990Z
2025-08-14 16:08:18.9900 [scheduling-1] DEBUG com.ocoelho.job.LogJob - Processando passo 1 ...
2025-08-14 16:08:20.0020 [scheduling-1] DEBUG com.ocoelho.job.LogJob - Processando passo 2 ...
2025-08-14 16:08:21.0150 [scheduling-1] DEBUG com.ocoelho.job.LogJob - Processando passo 3 ...
2025-08-14 16:08:22.0310 [scheduling-1] DEBUG com.ocoelho.job.LogJob - Processando passo 4 ...
2025-08-14 16:08:23.0440 [scheduling-1] INFO  com.ocoelho.job.LogJob - LogJob finalizado com sucesso em 4054 ms
2025-08-14 16:08:23.9840 [scheduling-1] INFO  com.ocoelho.job.LogJob - LogJob iniciado em 2025-08-14T19:08:23.984Z
2025-08-14 16:08:23.9850 [scheduling-1] DEBUG com.ocoelho.job.LogJob - Processando passo 1 ...
2025-08-14 16:08:25.0000 [scheduling-1] WARN  com.ocoelho.job.LogJob - Condicao intermitente detectada no passo 1
2025-08-14 16:08:25.0010 [scheduling-1] DEBUG com.ocoelho.job.LogJob - Processando passo 2 ...
2025-08-14 16:08:26.0110 [scheduling-1] DEBUG com.ocoelho.job.LogJob - Processando passo 3 ...
2025-08-14 16:08:27.0230 [scheduling-1] DEBUG com.ocoelho.job.LogJob - Processando passo 4 ...
2025-08-14 16:08:28.0260 [scheduling-1] INFO  com.ocoelho.job.LogJob - LogJob finalizado com sucesso em 4042 ms
2025-08-14 16:08:28.9830 [scheduling-1] INFO  com.ocoelho.job.LogJob - LogJob iniciado em 2025-08-14T19:08:28.983Z
2025-08-14 16:08:28.9830 [scheduling-1] DEBUG com.ocoelho.job.LogJob - Processando passo 1 ...
2025-08-14 16:08:29.9950 [scheduling-1] DEBUG com.ocoelho.job.LogJob - Processando passo 2 ...
2025-08-14 16:08:31.0040 [scheduling-1] DEBUG com.ocoelho.job.LogJob - Processando passo 3 ...
2025-08-14 16:08:31.2350 [http-nio-8080-exec-2] INFO  c.ocoelho.controller.LogController - Iniciando stream de logs para o arquivo: application.log (level: null)
2025-08-14 16:08:31.2380 [pool-2-thread-2] DEBUG c.ocoelho.controller.LogController - Lendo novas linhas do arquivo E:\developer\eclipse-workspace\teste-spring-boot\logs\application.log (posição 3959 a 9160)
2025-08-14 16:08:32.0110 [scheduling-1] DEBUG com.ocoelho.job.LogJob - Processando passo 4 ...
2025-08-14 16:08:33.0120 [scheduling-1] INFO  com.ocoelho.job.LogJob - LogJob finalizado com sucesso em 4029 ms
2025-08-14 16:08:33.9870 [scheduling-1] INFO  com.ocoelho.job.LogJob - LogJob iniciado em 2025-08-14T19:08:33.987Z
2025-08-14 16:08:33.9870 [scheduling-1] DEBUG com.ocoelho.job.LogJob - Processando passo 1 ...
2025-08-14 16:08:34.9890 [scheduling-1] DEBUG com.ocoelho.job.LogJob - Processando passo 2 ...
2025-08-14 16:08:35.9910 [scheduling-1] DEBUG com.ocoelho.job.LogJob - Processando passo 3 ...
2025-08-14 16:08:37.0020 [scheduling-1] DEBUG com.ocoelho.job.LogJob - Processando passo 4 ...
2025-08-14 16:08:38.0080 [scheduling-1] WARN  com.ocoelho.job.LogJob - Condicao intermitente detectada no passo 4
2025-08-14 16:08:38.0080 [scheduling-1] INFO  com.ocoelho.job.LogJob - LogJob finalizado com sucesso em 4021 ms
2025-08-14 16:08:38.9840 [scheduling-1] INFO  com.ocoelho.job.LogJob - LogJob iniciado em 2025-08-14T19:08:38.984Z
2025-08-14 16:08:38.9840 [scheduling-1] DEBUG com.ocoelho.job.LogJob - Processando passo 1 ...
2025-08-14 16:08:39.9930 [scheduling-1] DEBUG com.ocoelho.job.LogJob - Processando passo 2 ...
